make all --print-data-base --no-builtin-variables --no-builtin-rules --question
# GNU Make 4.2.1
# Built for x86_64-pc-linux-gnu
# Copyright (C) 1988-2016 Free Software Foundation, Inc.
# License GPLv3+: GNU GPL version 3 or later <http://gnu.org/licenses/gpl.html>
# This is free software: you are free to change and redistribute it.
# There is NO WARRANTY, to the extent permitted by law.

# Make data base, printed on Sat Sep  3 21:51:12 2022

# Variables

# automatic
<D = $(patsubst %/,%,$(dir $<))
# automatic
?F = $(notdir $?)
# environment
WSLENV = VSCODE_WSL_EXT_LOCATION/up:VSCODE_SERVER_TAR/up
# default
.SHELLFLAGS := -c
# automatic
?D = $(patsubst %/,%,$(dir $?))
# automatic
@D = $(patsubst %/,%,$(dir $@))
# automatic
@F = $(notdir $@)
# makefile
CURDIR := /home/lulu/doc/soft/DirectedHalfEdgeGraphs
# makefile
SHELL = /bin/sh
# environment
VSCODE_NLS_CONFIG = {"locale":"en","availableLanguages":{}}
# makefile
MAKEFILE_LIST := 
# 'override' directive
GNUMAKEFLAGS := 
# environment
INFOPATH = /home/linuxbrew/.linuxbrew/share/info:/home/linuxbrew/.linuxbrew/share/info:
# environment
VSCODE_CWD = /mnt/c/Users/Lucien/AppData/Local/Programs/Microsoft VS Code
# default
MAKE_HOST := x86_64-pc-linux-gnu
# environment
PATH = /home/lulu/.vscode-server/bin/784b0177c56c607789f9638da7b6bf3230d47a8c/bin/remote-cli:/home/lulu/.cabal/bin:/home/lulu/.ghcup/bin:/home/linuxbrew/.linuxbrew/bin:/home/linuxbrew/.linuxbrew/sbin:/mnt/d/DOC/UNI/ETH/MA/Thesis/SQED/LULU:/home/lulu/bin/qgraf:/home/lulu/.local/bin:/home/lulu/.cabal/bin:/home/lulu/form/sources:/home/lulu/miniconda3/bin:/home/lulu/.ghcup/bin:/home/lulu/miniconda3/condabin:/home/linuxbrew/.linuxbrew/bin:/home/linuxbrew/.linuxbrew/sbin:/home/lulu/.cabal/bin:/home/lulu/miniconda3/bin:/usr/local/sbin:/usr/local/bin:/usr/sbin:/usr/bin:/sbin:/bin:/usr/games:/usr/local/games:/usr/lib/wsl/lib:/mnt/c/Program Files/Common Files/Oracle/Java/javapath:/mnt/c/Program Files (x86)/Common Files/Oracle/Java/javapath:/mnt/c/Windows/system32:/mnt/c/Windows:/mnt/c/Windows/System32/Wbem:/mnt/c/Windows/System32/WindowsPowerShell/v1.0:/mnt/c/Windows/System32/OpenSSH:/mnt/c/Program Files/Intel/WiFi/bin:/mnt/c/Program Files/Common Files/Intel/WirelessCommon:/mnt/c/Program Files/Git/cmd:/mnt/c/Program Files/GitHub CLI:/mnt/c/Program Files/dotnet:/mnt/c/Users/Lucien/AppData/Local/Programs/Julia-1.7.2/bin:/mnt/c/ProgramData/chocolatey/bin:/mnt/d/bin:/mnt/c/Program Files/Neovim/bin:/mnt/c/Program Files/Emacs/emacs-28.1/bin:/mnt/c/Users/Lucien/AppData/Local/Pandoc:/mnt/c/Program Files/gs/gs9.56.1/bin:/mnt/c/Program Files/Wolfram Research/WolframScript:/mnt/c/Program Files/PowerShell/7:/mnt/c/Ruby31-x64/bin:/mnt/c/Users/Lucien/miniconda3:/mnt/c/Users/Lucien/miniconda3/Library/mingw-w64/bin:/mnt/c/Users/Lucien/miniconda3/Library/usr/bin:/mnt/c/Users/Lucien/miniconda3/Library/bin:/mnt/c/Users/Lucien/miniconda3/Scripts:/mnt/c/Users/Lucien/AppData/Local/Microsoft/WindowsApps:/mnt/c/Users/Lucien/AppData/Local/Programs/Microsoft VS Code/bin:/mnt/c/Users/Lucien/AppData/Local/Programs/oh-my-posh/bin:/mnt/c/Users/Lucien/AppData/Local/Programs/oh-my-posh/themes:/mnt/c/Users/Lucien/AppData/Local/GitHubDesktop/bin:/mnt/c/Program Files/swipl/bin:/mnt/c/Program Files/Wolfram Research/Mathematica/12.3:/mnt/c/Program Files/Maple 2021/bin.X86_64_WINDOWS:/mnt/c/Users/Lucien/AppData/Local/Pandoc
# environment
XDG_RUNTIME_DIR = /mnt/wslg/runtime-dir
# environment
CONDA_PREFIX = /home/lulu/miniconda3
# environment
ELECTRON_RUN_AS_NODE = 1
# environment
VSCODE_IPC_HOOK_CLI = /mnt/wslg/runtime-dir/vscode-ipc-5f9d6bcb-2331-4ebb-b86c-cbb86f1cdb58.sock
# environment
VSCODE_SERVER_TAR = /mnt/c/Users/Lucien/AppData/Local/Temp/vscode-remote-wsl/784b0177c56c607789f9638da7b6bf3230d47a8c/vscode-server-stable-linux-x64.tar.gz
# default
.FEATURES := target-specific order-only second-expansion else-if shortest-stem undefine oneshell archives jobserver output-sync check-symlink load
# automatic
%F = $(notdir $%)
# environment
DISPLAY = :0
# environment
CONDA_EXE = /home/lulu/miniconda3/bin/conda
# environment
PWD = /home/lulu/doc/soft/DirectedHalfEdgeGraphs
# default
.LOADED := 
# environment
WSL_INTEROP = /run/WSL/18481_interop
# environment
PULSE_SERVER = /mnt/wslg/PulseServer
# environment
MANPATH = /home/linuxbrew/.linuxbrew/share/man:/home/linuxbrew/.linuxbrew/share/man:
# environment
VSCODE_AMD_ENTRYPOINT = vs/workbench/api/node/extensionHostProcess
# environment
HOME = /home/lulu
# environment
HOMEBREW_CELLAR = /home/linuxbrew/.linuxbrew/Cellar
# environment
LOGNAME = lulu
# environment
APPLICATION_INSIGHTS_NO_DIAGNOSTIC_CHANNEL = 1
# environment
CONDA_PROMPT_MODIFIER = (base) 
# environment
VSCODE_HANDLES_UNCAUGHT_ERRORS = true
# automatic
^D = $(patsubst %/,%,$(dir $^))
# environment
MAKELEVEL := 0
# environment
CONDA_DEFAULT_ENV = base
# default
MAKE = $(MAKE_COMMAND)
# default
MAKECMDGOALS := all
# environment
CONDA_SHLVL = 1
# environment
SHLVL = 1
# default
MAKE_VERSION := 4.2.1
# environment
USER = lulu
# makefile
.DEFAULT_GOAL := 
# environment
NAME = DESKTOP-0QO4GE5
# automatic
%D = $(patsubst %/,%,$(dir $%))
# environment
VSCODE_WSL_EXT_LOCATION = /mnt/c/Users/Lucien/.vscode/extensions/ms-vscode-remote.remote-wsl-0.66.3
# default
MAKE_COMMAND := make
# default
.VARIABLES := 
# automatic
*F = $(notdir $*)
# makefile
MAKEFLAGS = pqrR
# environment
MFLAGS = -pqrR
# automatic
*D = $(patsubst %/,%,$(dir $*))
# environment
HOMEBREW_PREFIX = /home/linuxbrew/.linuxbrew
# automatic
+D = $(patsubst %/,%,$(dir $+))
# automatic
+F = $(notdir $+)
# environment
HOMEBREW_REPOSITORY = /home/linuxbrew/.linuxbrew/Homebrew
# environment
VSCODE_HANDLES_SIGPIPE = true
# default
MAKEFILES := 
# automatic
<F = $(notdir $<)
# environment
LC_ALL = C
# environment
CONDA_PYTHON_EXE = /home/lulu/miniconda3/bin/python
# environment
HOSTTYPE = x86_64
# automatic
^F = $(notdir $^)
# default
SUFFIXES := 
# environment
WAYLAND_DISPLAY = wayland-0
# environment
_CE_M = 
# default
.INCLUDE_DIRS = /usr/include /usr/local/include /usr/include
# default
.RECIPEPREFIX := 
# environment
LANG = C
# environment
TERM = xterm-256color
# environment
WSL_DISTRO_NAME = Ubuntu
# environment
_CE_CONDA = 
# variable set hash-table stats:
# Load=76/1024=7%, Rehash=0, Collisions=7/98=7%

# Pattern-specific Variable Values

# No pattern-specific variable values.

# Directories

# . (device 2080, inode 549923): 20 files, no impossibilities.

# 20 files, no impossibilities in 1 directories.

# Implicit Rules

# No implicit rules.

# Files

# Not a target:
all:
#  Command line target.
#  Implicit rule search has been done.
#  File does not exist.
#  File has not been updated.

# Not a target:
Makefile:
#  Implicit rule search has been done.
#  File does not exist.
#  File has been updated.
#  Failed to be updated.

# Not a target:
makefile:
#  Implicit rule search has been done.
#  File does not exist.
#  File has been updated.
#  Failed to be updated.

# Not a target:
.DEFAULT:
#  Implicit rule search has not been done.
#  Modification time never checked.
#  File has not been updated.

# Not a target:
GNUmakefile:
#  Implicit rule search has been done.
#  File does not exist.
#  File has been updated.
#  Failed to be updated.

# files hash-table stats:
# Load=6/1024=1%, Rehash=0, Collisions=0/15=0%
# VPATH Search Paths

# No 'vpath' search paths.

# No general ('VPATH' variable) search path.

# strcache buffers: 1 (0) / strings = 28 / storage = 264 B / avg = 9 B
# current buf: size = 8162 B / used = 264 B / count = 28 / avg = 9 B

# strcache performance: lookups = 31 / hit rate = 9%
# hash-table stats:
# Load=28/8192=0%, Rehash=0, Collisions=1/31=3%
# Finished Make data base on Sat Sep  3 21:51:12 2022

 
make: *** No rule to make target 'all'.  Stop.

